0 info it worked if it ends with ok
1 verbose cli [ '/usr/local/bin/node',
1 verbose cli   '/usr/local/bin/npm',
1 verbose cli   'install',
1 verbose cli   'del',
1 verbose cli   '--save' ]
2 info using npm@3.10.7
3 info using node@v6.4.0
4 silly loadCurrentTree Starting
5 silly install loadCurrentTree
6 silly install readLocalPackageData
7 silly fetchPackageMetaData del
8 silly fetchNamedPackageData del
9 silly mapToRegistry name del
10 silly mapToRegistry using default registry
11 silly mapToRegistry registry https://registry.npmjs.org/
12 silly mapToRegistry data Result {
12 silly mapToRegistry   raw: 'del',
12 silly mapToRegistry   scope: null,
12 silly mapToRegistry   escapedName: 'del',
12 silly mapToRegistry   name: 'del',
12 silly mapToRegistry   rawSpec: '',
12 silly mapToRegistry   spec: 'latest',
12 silly mapToRegistry   type: 'tag' }
13 silly mapToRegistry uri https://registry.npmjs.org/del
14 verbose request uri https://registry.npmjs.org/del
15 verbose request no auth needed
16 info attempt registry request try #1 at 11:46:46 AM
17 verbose request id 758651c6efb9ba56
18 verbose etag "41MBS9MIJ8H6DRGGRIGLDGL9T"
19 http request GET https://registry.npmjs.org/del
20 http 304 https://registry.npmjs.org/del
21 verbose headers { date: 'Fri, 16 Sep 2016 06:16:47 GMT',
21 verbose headers   via: '1.1 varnish',
21 verbose headers   'cache-control': 'max-age=300',
21 verbose headers   etag: '"41MBS9MIJ8H6DRGGRIGLDGL9T"',
21 verbose headers   age: '114',
21 verbose headers   connection: 'keep-alive',
21 verbose headers   'x-served-by': 'cache-sin6927-SIN',
21 verbose headers   'x-cache': 'HIT',
21 verbose headers   'x-cache-hits': '3',
21 verbose headers   'x-timer': 'S1474006607.547261,VS0,VE0',
21 verbose headers   vary: 'Accept-Encoding' }
22 silly get cb [ 304,
22 silly get   { date: 'Fri, 16 Sep 2016 06:16:47 GMT',
22 silly get     via: '1.1 varnish',
22 silly get     'cache-control': 'max-age=300',
22 silly get     etag: '"41MBS9MIJ8H6DRGGRIGLDGL9T"',
22 silly get     age: '114',
22 silly get     connection: 'keep-alive',
22 silly get     'x-served-by': 'cache-sin6927-SIN',
22 silly get     'x-cache': 'HIT',
22 silly get     'x-cache-hits': '3',
22 silly get     'x-timer': 'S1474006607.547261,VS0,VE0',
22 silly get     vary: 'Accept-Encoding' } ]
23 verbose etag https://registry.npmjs.org/del from cache
24 verbose get saving del to /home/reshma/.npm/registry.npmjs.org/del/.cache.json
25 verbose correctMkdir /home/reshma/.npm correctMkdir not in flight; initializing
26 silly install normalizeTree
27 silly loadCurrentTree Finishing
28 silly loadIdealTree Starting
29 silly install loadIdealTree
30 silly cloneCurrentTree Starting
31 silly install cloneCurrentTreeToIdealTree
32 silly cloneCurrentTree Finishing
33 silly loadShrinkwrap Starting
34 silly install loadShrinkwrap
35 silly loadShrinkwrap Finishing
36 silly loadAllDepsIntoIdealTree Starting
37 silly install loadAllDepsIntoIdealTree
38 silly resolveWithNewModule del@2.2.2 checking installable status
39 silly cache add args [ 'del', null ]
40 verbose cache add spec del
41 silly cache add parsed spec Result {
41 silly cache add   raw: 'del',
41 silly cache add   scope: null,
41 silly cache add   escapedName: 'del',
41 silly cache add   name: 'del',
41 silly cache add   rawSpec: '',
41 silly cache add   spec: 'latest',
41 silly cache add   type: 'tag' }
42 silly addNamed del@latest
43 verbose addNamed "latest" is being treated as a dist-tag for del
44 info addNameTag [ 'del', 'latest' ]
45 silly mapToRegistry name del
46 silly mapToRegistry using default registry
47 silly mapToRegistry registry https://registry.npmjs.org/
48 silly mapToRegistry data Result {
48 silly mapToRegistry   raw: 'del',
48 silly mapToRegistry   scope: null,
48 silly mapToRegistry   escapedName: 'del',
48 silly mapToRegistry   name: 'del',
48 silly mapToRegistry   rawSpec: '',
48 silly mapToRegistry   spec: 'latest',
48 silly mapToRegistry   type: 'tag' }
49 silly mapToRegistry uri https://registry.npmjs.org/del
50 verbose addNameTag registry:https://registry.npmjs.org/del not in flight; fetching
51 verbose get https://registry.npmjs.org/del not expired, no request
52 silly addNameTag next cb for del with tag latest
53 silly addNamed del@2.2.2
54 verbose addNamed "2.2.2" is a plain semver version for del
55 silly cache afterAdd del@2.2.2
56 verbose afterAdd /home/reshma/.npm/del/2.2.2/package/package.json not in flight; writing
57 verbose correctMkdir /home/reshma/.npm correctMkdir not in flight; initializing
58 verbose afterAdd /home/reshma/.npm/del/2.2.2/package/package.json written
59 silly rollbackFailedOptional Starting
60 silly rollbackFailedOptional Finishing
61 silly runTopLevelLifecycles Finishing
62 silly install printInstalled
63 verbose stack Error: Error extracting /home/reshma/.npm/del/2.2.2/package.tgz archive: EIO: i/o error, read
63 verbose stack     at ReadStream.<anonymous> (/usr/local/lib/node_modules/npm/lib/fetch-package-metadata.js:308:10)
63 verbose stack     at emitOne (events.js:96:13)
63 verbose stack     at ReadStream.emit (events.js:188:7)
63 verbose stack     at onread (fs.js:1976:12)
63 verbose stack     at callback (/usr/local/lib/node_modules/npm/node_modules/graceful-fs/polyfills.js:100:19)
63 verbose stack     at FSReqWrap.wrapper [as oncomplete] (fs.js:681:17)
64 verbose cwd /opt/lampp/htdocs/key-management-system
65 error Linux 3.16.0-71-generic
66 error argv "/usr/local/bin/node" "/usr/local/bin/npm" "install" "del" "--save"
67 error node v6.4.0
68 error npm  v3.10.7
69 error code EREADFILE
70 error Error extracting /home/reshma/.npm/del/2.2.2/package.tgz archive: EIO: i/o error, read
71 error If you need help, you may report this error at:
71 error     <https://github.com/npm/npm/issues>
72 verbose exit [ 1, true ]
